{"/Users/skiller/Desktop/kerong burger/yandex-burger/src/constants/api.js": {"path":"/Users/skiller/Desktop/kerong burger/yandex-burger/src/constants/api.js","statementMap":{"0":{"start":{"line":2,"column":1},"end":{"line":2,"column":52}},"1":{"start":{"line":3,"column":25},"end":{"line":3,"column":71}},"2":{"start":{"line":4,"column":24},"end":{"line":4,"column":74}},"3":{"start":{"line":5,"column":23},"end":{"line":5,"column":76}},"4":{"start":{"line":6,"column":26},"end":{"line":6,"column":77}},"5":{"start":{"line":7,"column":25},"end":{"line":7,"column":75}},"6":{"start":{"line":8,"column":28},"end":{"line":8,"column":77}},"7":{"start":{"line":9,"column":30},"end":{"line":9,"column":79}},"8":{"start":{"line":11,"column":1},"end":{"line":11,"column":55}},"9":{"start":{"line":13,"column":1},"end":{"line":13,"column":61}}},"fnMap":{},"branchMap":{},"s":{"0":2,"1":2,"2":2,"3":2,"4":2,"5":2,"6":2,"7":2,"8":2,"9":2},"f":{},"b":{},"_coverageSchema":"1a1c01bbd47fc00a2c39e90264f33305004495a9","hash":"9ef9a662aa3dcc0ea8efa4bbee0e7702cc0b63a9"}
,"/Users/skiller/Desktop/kerong burger/yandex-burger/src/constants/local-storage.ts": {"path":"/Users/skiller/Desktop/kerong burger/yandex-burger/src/constants/local-storage.ts","statementMap":{"0":{"start":{"line":1,"column":31},"end":{"line":2,"column":13}},"1":{"start":{"line":2,"column":1},"end":{"line":2,"column":38}},"2":{"start":{"line":1,"column":13},"end":{"line":1,"column":31}},"3":{"start":{"line":3,"column":31},"end":{"line":3,"column":49}},"4":{"start":{"line":3,"column":37},"end":{"line":3,"column":67}},"5":{"start":{"line":3,"column":13},"end":{"line":3,"column":31}},"6":{"start":{"line":4,"column":34},"end":{"line":5,"column":13}},"7":{"start":{"line":5,"column":1},"end":{"line":5,"column":36}},"8":{"start":{"line":4,"column":13},"end":{"line":4,"column":34}},"9":{"start":{"line":6,"column":34},"end":{"line":6,"column":52}},"10":{"start":{"line":6,"column":40},"end":{"line":6,"column":68}},"11":{"start":{"line":6,"column":13},"end":{"line":6,"column":34}},"12":{"start":{"line":7,"column":27},"end":{"line":7,"column":45}},"13":{"start":{"line":7,"column":33},"end":{"line":7,"column":66}},"14":{"start":{"line":7,"column":13},"end":{"line":7,"column":27}},"15":{"start":{"line":8,"column":30},"end":{"line":8,"column":48}},"16":{"start":{"line":8,"column":36},"end":{"line":8,"column":67}},"17":{"start":{"line":8,"column":13},"end":{"line":8,"column":30}}},"fnMap":{"0":{"name":"(anonymous_0)","decl":{"start":{"line":1,"column":31},"end":{"line":1,"column":32}},"loc":{"start":{"line":1,"column":45},"end":{"line":2,"column":13}}},"1":{"name":"(anonymous_1)","decl":{"start":{"line":3,"column":31},"end":{"line":3,"column":37}},"loc":{"start":{"line":3,"column":31},"end":{"line":3,"column":49}}},"2":{"name":"(anonymous_2)","decl":{"start":{"line":4,"column":34},"end":{"line":4,"column":35}},"loc":{"start":{"line":4,"column":48},"end":{"line":5,"column":13}}},"3":{"name":"(anonymous_3)","decl":{"start":{"line":6,"column":34},"end":{"line":6,"column":40}},"loc":{"start":{"line":6,"column":34},"end":{"line":6,"column":52}}},"4":{"name":"(anonymous_4)","decl":{"start":{"line":7,"column":27},"end":{"line":7,"column":33}},"loc":{"start":{"line":7,"column":27},"end":{"line":7,"column":45}}},"5":{"name":"(anonymous_5)","decl":{"start":{"line":8,"column":30},"end":{"line":8,"column":36}},"loc":{"start":{"line":8,"column":30},"end":{"line":8,"column":48}}}},"branchMap":{},"s":{"0":2,"1":0,"2":2,"3":2,"4":0,"5":2,"6":2,"7":0,"8":2,"9":2,"10":0,"11":2,"12":2,"13":0,"14":2,"15":2,"16":0,"17":2},"f":{"0":0,"1":0,"2":0,"3":0,"4":0,"5":0},"b":{}}
,"/Users/skiller/Desktop/kerong burger/yandex-burger/src/services/fetch/auth-user.ts": {"path":"/Users/skiller/Desktop/kerong burger/yandex-burger/src/services/fetch/auth-user.ts","statementMap":{"0":{"start":{"line":2,"column":0},"end":{"line":2,"column":43}},"1":{"start":{"line":3,"column":0},"end":{"line":3,"column":56}},"2":{"start":{"line":4,"column":0},"end":{"line":4,"column":null}},"3":{"start":{"line":26,"column":24},"end":{"line":60,"column":2}},"4":{"start":{"line":29,"column":28},"end":{"line":60,"column":2}},"5":{"start":{"line":31,"column":7},"end":{"line":31,"column":22}},"6":{"start":{"line":33,"column":7},"end":{"line":36,"column":3}},"7":{"start":{"line":39,"column":33},"end":{"line":45,"column":null}},"8":{"start":{"line":39,"column":8},"end":{"line":45,"column":null}},"9":{"start":{"line":47,"column":2},"end":{"line":53,"column":3}},"10":{"start":{"line":49,"column":3},"end":{"line":49,"column":45}},"11":{"start":{"line":50,"column":3},"end":{"line":50,"column":41}},"12":{"start":{"line":51,"column":3},"end":{"line":51,"column":21}},"13":{"start":{"line":52,"column":3},"end":{"line":52,"column":19}},"14":{"start":{"line":55,"column":2},"end":{"line":55,"column":44}},"15":{"start":{"line":57,"column":2},"end":{"line":57,"column":63}},"16":{"start":{"line":58,"column":2},"end":{"line":58,"column":14}},"17":{"start":{"line":26,"column":13},"end":{"line":26,"column":24}}},"fnMap":{"0":{"name":"(anonymous_13)","decl":{"start":{"line":26,"column":24},"end":{"line":26,"column":null}},"loc":{"start":{"line":29,"column":28},"end":{"line":60,"column":2}}},"1":{"name":"(anonymous_14)","decl":{"start":{"line":29,"column":28},"end":{"line":29,"column":null}},"loc":{"start":{"line":29,"column":28},"end":{"line":60,"column":2}}}},"branchMap":{"0":{"loc":{"start":{"line":47,"column":2},"end":{"line":53,"column":3}},"type":"if","locations":[{"start":{"line":47,"column":2},"end":{"line":53,"column":3}}]}},"s":{"0":1,"1":1,"2":1,"3":1,"4":0,"5":0,"6":0,"7":0,"8":0,"9":0,"10":0,"11":0,"12":0,"13":0,"14":0,"15":0,"16":0,"17":1},"f":{"0":0,"1":0},"b":{"0":[0]}}
,"/Users/skiller/Desktop/kerong burger/yandex-burger/src/services/fetch/fetch.ts": {"path":"/Users/skiller/Desktop/kerong burger/yandex-burger/src/services/fetch/fetch.ts","statementMap":{"0":{"start":{"line":1,"column":0},"end":{"line":1,"column":48}},"1":{"start":{"line":2,"column":0},"end":{"line":2,"column":null}},"2":{"start":{"line":24,"column":28},"end":{"line":25,"column":4}},"3":{"start":{"line":25,"column":1},"end":{"line":25,"column":63}},"4":{"start":{"line":24,"column":13},"end":{"line":24,"column":28}},"5":{"start":{"line":30,"column":28},"end":{"line":51,"column":2}},"6":{"start":{"line":31,"column":13},"end":{"line":39,"column":null}},"7":{"start":{"line":31,"column":7},"end":{"line":39,"column":null}},"8":{"start":{"line":41,"column":21},"end":{"line":41,"column":null}},"9":{"start":{"line":41,"column":7},"end":{"line":41,"column":null}},"10":{"start":{"line":42,"column":1},"end":{"line":46,"column":2}},"11":{"start":{"line":43,"column":2},"end":{"line":43,"column":16}},"12":{"start":{"line":44,"column":2},"end":{"line":44,"column":19}},"13":{"start":{"line":45,"column":2},"end":{"line":45,"column":37}},"14":{"start":{"line":48,"column":1},"end":{"line":48,"column":46}},"15":{"start":{"line":49,"column":1},"end":{"line":49,"column":42}},"16":{"start":{"line":50,"column":1},"end":{"line":50,"column":20}},"17":{"start":{"line":30,"column":13},"end":{"line":30,"column":28}},"18":{"start":{"line":56,"column":32},"end":{"line":79,"column":2}},"19":{"start":{"line":58,"column":21},"end":{"line":79,"column":2}},"20":{"start":{"line":61,"column":14},"end":{"line":61,"column":null}},"21":{"start":{"line":61,"column":8},"end":{"line":61,"column":null}},"22":{"start":{"line":62,"column":9},"end":{"line":62,"column":36}},"23":{"start":{"line":62,"column":2},"end":{"line":62,"column":36}},"24":{"start":{"line":64,"column":6},"end":{"line":64,"column":9}},"25":{"start":{"line":65,"column":23},"end":{"line":65,"column":null}},"26":{"start":{"line":65,"column":9},"end":{"line":65,"column":null}},"27":{"start":{"line":66,"column":9},"end":{"line":72,"column":5}},"28":{"start":{"line":73,"column":15},"end":{"line":73,"column":45}},"29":{"start":{"line":73,"column":9},"end":{"line":73,"column":45}},"30":{"start":{"line":74,"column":10},"end":{"line":74,"column":37}},"31":{"start":{"line":74,"column":3},"end":{"line":74,"column":37}},"32":{"start":{"line":76,"column":3},"end":{"line":76,"column":30}},"33":{"start":{"line":56,"column":13},"end":{"line":56,"column":32}}},"fnMap":{"0":{"name":"(anonymous_15)","decl":{"start":{"line":24,"column":28},"end":{"line":24,"column":32}},"loc":{"start":{"line":24,"column":49},"end":{"line":25,"column":4}}},"1":{"name":"(anonymous_16)","decl":{"start":{"line":30,"column":28},"end":{"line":30,"column":null}},"loc":{"start":{"line":30,"column":28},"end":{"line":51,"column":2}}},"2":{"name":"(anonymous_19)","decl":{"start":{"line":56,"column":32},"end":{"line":56,"column":null}},"loc":{"start":{"line":58,"column":21},"end":{"line":79,"column":2}}},"3":{"name":"(anonymous_20)","decl":{"start":{"line":58,"column":21},"end":{"line":58,"column":null}},"loc":{"start":{"line":58,"column":21},"end":{"line":79,"column":2}}}},"branchMap":{"0":{"loc":{"start":{"line":25,"column":1},"end":{"line":25,"column":62}},"type":"cond-expr","locations":[{"start":{"line":25,"column":10},"end":{"line":25,"column":20}},{"start":{"line":25,"column":23},"end":{"line":25,"column":62}}]},"1":{"loc":{"start":{"line":31,"column":13},"end":{"line":39,"column":null}},"type":"switch","locations":[{"start":{"line":31,"column":13},"end":{"line":39,"column":null}}]},"2":{"loc":{"start":{"line":42,"column":1},"end":{"line":46,"column":2}},"type":"if","locations":[{"start":{"line":42,"column":1},"end":{"line":46,"column":2}}]},"3":{"loc":{"start":{"line":62,"column":2},"end":{"line":62,"column":36}},"type":"switch","locations":[{"start":{"line":62,"column":2},"end":{"line":62,"column":36}},{"start":{"line":73,"column":45},"end":{"line":74,"column":37}},{"start":{"line":76,"column":3},"end":{"line":76,"column":30}}]},"4":{"loc":{"start":{"line":64,"column":6},"end":{"line":64,"column":9}},"type":"if","locations":[{"start":{"line":64,"column":6},"end":{"line":64,"column":9}}]},"5":{"loc":{"start":{"line":64,"column":6},"end":{"line":64,"column":73}},"type":"binary-expr","locations":[{"start":{"line":64,"column":6},"end":{"line":64,"column":35}},{"start":{"line":64,"column":39},"end":{"line":64,"column":73}}]}},"s":{"0":2,"1":2,"2":2,"3":2,"4":2,"5":2,"6":0,"7":0,"8":0,"9":0,"10":0,"11":0,"12":0,"13":0,"14":0,"15":0,"16":0,"17":2,"18":2,"19":0,"20":0,"21":0,"22":0,"23":0,"24":0,"25":0,"26":0,"27":0,"28":0,"29":0,"30":0,"31":0,"32":0,"33":2},"f":{"0":2,"1":0,"2":0,"3":0},"b":{"0":[1,1],"1":[0],"2":[0],"3":[0,0,0],"4":[0],"5":[0,0]}}
}
