TN:
SF:src/constants/api.js
FNF:0
FNH:0
DA:2,2
DA:3,2
DA:4,2
DA:5,2
DA:6,2
DA:7,2
DA:8,2
DA:9,2
DA:11,2
DA:13,2
LF:10
LH:10
BRF:0
BRH:0
end_of_record
TN:
SF:src/constants/local-storage.ts
FN:1,(anonymous_0)
FN:3,(anonymous_1)
FN:4,(anonymous_2)
FN:6,(anonymous_3)
FN:7,(anonymous_4)
FN:8,(anonymous_5)
FNF:6
FNH:0
FNDA:0,(anonymous_0)
FNDA:0,(anonymous_1)
FNDA:0,(anonymous_2)
FNDA:0,(anonymous_3)
FNDA:0,(anonymous_4)
FNDA:0,(anonymous_5)
DA:1,2
DA:2,0
DA:3,2
DA:4,2
DA:5,0
DA:6,2
DA:7,2
DA:8,2
LF:8
LH:6
BRF:0
BRH:0
end_of_record
TN:
SF:src/services/fetch/auth-user.ts
FN:26,(anonymous_13)
FN:29,(anonymous_14)
FNF:2
FNH:0
FNDA:0,(anonymous_13)
FNDA:0,(anonymous_14)
DA:2,1
DA:3,1
DA:4,1
DA:26,1
DA:29,0
DA:31,0
DA:33,0
DA:39,0
DA:47,0
DA:49,0
DA:50,0
DA:51,0
DA:52,0
DA:55,0
DA:57,0
DA:58,0
LF:16
LH:4
BRDA:47,0,0,0
BRF:1
BRH:0
end_of_record
TN:
SF:src/services/fetch/fetch.ts
FN:24,(anonymous_15)
FN:30,(anonymous_16)
FN:56,(anonymous_19)
FN:58,(anonymous_20)
FNF:4
FNH:1
FNDA:2,(anonymous_15)
FNDA:0,(anonymous_16)
FNDA:0,(anonymous_19)
FNDA:0,(anonymous_20)
DA:1,2
DA:2,2
DA:24,2
DA:25,2
DA:30,2
DA:31,0
DA:41,0
DA:42,0
DA:43,0
DA:44,0
DA:45,0
DA:48,0
DA:49,0
DA:50,0
DA:56,2
DA:58,0
DA:61,0
DA:62,0
DA:64,0
DA:65,0
DA:66,0
DA:73,0
DA:74,0
DA:76,0
LF:24
LH:6
BRDA:25,0,0,1
BRDA:25,0,1,1
BRDA:31,1,0,0
BRDA:42,2,0,0
BRDA:62,3,0,0
BRDA:62,3,1,0
BRDA:62,3,2,0
BRDA:64,4,0,0
BRDA:64,5,0,0
BRDA:64,5,1,0
BRF:10
BRH:2
end_of_record
